<?xml version="1.0" encoding="UTF-8"?>
<!-- Generated by org.testng.reporters.JUnitXMLReporter -->
<testsuite hostname="swati" name="check" tests="6" failures="0" timestamp="11 Apr 2020 05:46:40 GMT" time="53.038" errors="0">
  <testcase name="logoTest" time="0.155" classname="testngpros.GoogleTest"/>
  <testcase name="linkTest" time="0.11" classname="testngpros.GoogleTest"/>
  <testcase name="googleTitleTest" time="0.015" classname="testngpros.GoogleTest"/>
  <testcase name="test1" time="0.004" classname="testngpros.GoogleTest"/>
  <testcase name="test2" time="0.002" classname="testngpros.GoogleTest"/>
  <testcase name="test3" time="0.001" classname="testngpros.GoogleTest"/>
</testsuite> <!-- check -->
