<?xml version="1.0" encoding="UTF-8"?>
<!-- Generated by org.testng.reporters.JUnitXMLReporter -->
<testsuite hostname="swati" name="features" tests="6" failures="0" timestamp="11 Apr 2020 05:22:59 GMT" time="0.084" errors="0">
  <testcase name="loginpageTest" time="0.022" classname="testngpros.Featuresng"/>
  <testcase name="test" time="0.003" classname="testngpros.NewTesttimeout"/>
  <testcase name="test1" time="0.002" classname="testngpros.NewTesttimeout"/>
  <testcase name="homepageTest" time="0.004" classname="testngpros.Featuresng"/>
  <testcase name="regTest" time="0.002" classname="testngpros.Featuresng"/>
  <testcase name="searchpageTest" time="0.003" classname="testngpros.Featuresng"/>
</testsuite> <!-- features -->
