<?xml version="1.0" encoding="UTF-8"?>
<!-- Generated by org.testng.reporters.JUnitXMLReporter -->
<testsuite hostname="swati" name="Testng g" tests="7" failures="1" timestamp="11 Apr 2020 05:09:43 GMT" time="1.408" errors="0">
  <testcase name="loginpageTest" time="0.021" classname="testngpros.Featuresng"/>
  <testcase name="loopin" time="1.011" classname="testngpros.NewTesttimeout">
    <failure type="org.testng.internal.thread.ThreadTimeoutException" message="Method org.testng.internal.TestNGMethod.loopin() didn&amp;apos;t finish within the time-out 1000">
      <![CDATA[org.testng.internal.thread.ThreadTimeoutException: Method org.testng.internal.TestNGMethod.loopin() didn't finish within the time-out 1000
	at java.io.FileOutputStream.writeBytes(Native Method)
	at java.io.FileOutputStream.write(FileOutputStream.java:326)
	at java.io.BufferedOutputStream.flushBuffer(BufferedOutputStream.java:82)
	at java.io.BufferedOutputStream.flush(BufferedOutputStream.java:140)
	at java.io.PrintStream.write(PrintStream.java:482)
	at sun.nio.cs.StreamEncoder.writeBytes(StreamEncoder.java:221)
	at sun.nio.cs.StreamEncoder.implFlushBuffer(StreamEncoder.java:291)
	at sun.nio.cs.StreamEncoder.flushBuffer(StreamEncoder.java:104)
	at java.io.OutputStreamWriter.flushBuffer(OutputStreamWriter.java:185)
	at java.io.PrintStream.newLine(PrintStream.java:546)
	at java.io.PrintStream.println(PrintStream.java:737)
	at testngpros.NewTesttimeout.loopin(NewTesttimeout.java:11)
	at java.util.concurrent.Executors$RunnableAdapter.call(Executors.java:511)
	at java.util.concurrent.FutureTask.run(FutureTask.java:266)
	at java.util.concurrent.ThreadPoolExecutor.runWorker(ThreadPoolExecutor.java:1149)
	at java.util.concurrent.ThreadPoolExecutor$Worker.run(ThreadPoolExecutor.java:624)
	at java.lang.Thread.run(Thread.java:748)
... Removed 7 stack frames]]>
    </failure>
  </testcase> <!-- loopin -->
  <testcase name="test" time="0.017" classname="testngpros.NewTesttimeout"/>
  <testcase name="test1" time="0.064" classname="testngpros.NewTesttimeout"/>
  <testcase name="homepageTest" time="0.045" classname="testngpros.Featuresng"/>
  <testcase name="regTest" time="0.147" classname="testngpros.Featuresng"/>
  <testcase name="searchpageTest" time="0.015" classname="testngpros.Featuresng"/>
</testsuite> <!-- Testng g -->
